[ 2017-03-13T00:29:46+08:00 ] 192.168.56.1 /Public/default/images/ecmoban_link.jpg
INFO: [ app_init ] --START--
INFO: Run Behavior\BuildLiteBehavior [ RunTime:0.000162s ]
INFO: [ app_init ] --END-- [ RunTime:0.000573s ]
ERR: 无法加载模块:Public

[ 2017-03-13T00:29:46+08:00 ] 192.168.56.1 /Public/default/images/yongda_logo.gif
INFO: [ app_init ] --START--
INFO: Run Behavior\BuildLiteBehavior [ RunTime:0.000080s ]
INFO: [ app_init ] --END-- [ RunTime:0.000498s ]
ERR: 无法加载模块:Public

[ 2017-03-13T00:29:46+08:00 ] 192.168.56.1 /Public/default/images/usBox_2bg.gif
INFO: [ app_init ] --START--
INFO: Run Behavior\BuildLiteBehavior [ RunTime:0.000099s ]
INFO: [ app_init ] --END-- [ RunTime:0.000751s ]
ERR: 无法加载模块:Public

[ 2017-03-13T00:38:10+08:00 ] 192.168.56.1 /Public/default/images/zoomin.cur
INFO: [ app_init ] --START--
INFO: Run Behavior\BuildLiteBehavior [ RunTime:0.000019s ]
INFO: [ app_init ] --END-- [ RunTime:0.000120s ]
ERR: 无法加载模块:Public

[ 2017-03-13T00:51:58+08:00 ] 192.168.56.1 /Public/default/images/ecmoban_link.jpg
INFO: [ app_init ] --START--
INFO: Run Behavior\BuildLiteBehavior [ RunTime:0.000025s ]
INFO: [ app_init ] --END-- [ RunTime:0.000144s ]
ERR: 无法加载模块:Public

[ 2017-03-13T00:51:58+08:00 ] 192.168.56.1 /Public/default/images/yongda_logo.gif
INFO: [ app_init ] --START--
INFO: Run Behavior\BuildLiteBehavior [ RunTime:0.000026s ]
INFO: [ app_init ] --END-- [ RunTime:0.000151s ]
ERR: 无法加载模块:Public

[ 2017-03-13T00:51:58+08:00 ] 192.168.56.1 /Public/default/images/usBox_2bg.gif
INFO: [ app_init ] --START--
INFO: Run Behavior\BuildLiteBehavior [ RunTime:0.000028s ]
INFO: [ app_init ] --END-- [ RunTime:0.000304s ]
ERR: 无法加载模块:Public

[ 2017-03-13T01:20:56+08:00 ] 192.168.56.1 /Public/default/images/zoomin.cur
INFO: [ app_init ] --START--
INFO: Run Behavior\BuildLiteBehavior [ RunTime:0.000026s ]
INFO: [ app_init ] --END-- [ RunTime:0.000144s ]
ERR: 无法加载模块:Public

[ 2017-03-13T01:38:53+08:00 ] 192.168.56.1 /index.php/Home/Index1/
INFO: [ app_init ] --START--
INFO: Run Behavior\BuildLiteBehavior [ RunTime:0.000026s ]
INFO: [ app_init ] --END-- [ RunTime:0.001058s ]
ERR: 无法加载模块:TATUS

[ 2017-03-13T01:45:18+08:00 ] 192.168.56.1 /index.php/Home/Index/
INFO: [ app_init ] --START--
INFO: Run Behavior\BuildLiteBehavior [ RunTime:0.000163s ]
INFO: [ app_init ] --END-- [ RunTime:0.008708s ]
ERR: 无法加载模块:TATUS

[ 2017-03-13T01:45:39+08:00 ] 192.168.56.1 /index.php/Home/Index/
INFO: [ app_init ] --START--
INFO: Run Behavior\BuildLiteBehavior [ RunTime:0.000018s ]
INFO: [ app_init ] --END-- [ RunTime:0.000720s ]
ERR: 无法加载模块:TATUS

[ 2017-03-13T18:12:12+08:00 ] 192.168.56.1 /favicon.ico
INFO: [ app_init ] --START--
INFO: Run Behavior\BuildLiteBehavior [ RunTime:0.000037s ]
INFO: [ app_init ] --END-- [ RunTime:0.001460s ]
ERR: 无法加载模块:Favicon

